<?xml version="1.0" encoding="UTF-8"?>
<testng-results skipped="0" failed="0" total="1" passed="1">
  <reporter-output>
  </reporter-output>
  <suite name="chanjet.com.api" duration-ms="27834" started-at="2014-09-04T12:57:59Z" finished-at="2014-09-04T12:58:26Z">
    <groups>
    </groups>
    <test name="test_seleniumcn" duration-ms="27834" started-at="2014-09-04T12:57:59Z" finished-at="2014-09-04T12:58:26Z">
      <class name="com.chanjet.testcase.LoginCase">
        <test-method status="PASS" signature="testcase_login()[pri:0, instance:com.chanjet.testcase.LoginCase@233c0b17]" name="testcase_login" duration-ms="27787" started-at="2014-09-04T20:57:59Z" finished-at="2014-09-04T20:58:26Z">
          <reporter-output>
          </reporter-output>
        </test-method> <!-- testcase_login -->
      </class> <!-- com.chanjet.testcase.LoginCase -->
    </test> <!-- test_seleniumcn -->
  </suite> <!-- chanjet.com.api -->
</testng-results>
